Arguments: 
  C:\Program Files\nodejs\node.exe C:\Program Files\nodejs\node_modules\yarn\bin\yarn.js add socket.io

PATH: 
  C:\Program Files\Git\mingw64\bin;C:\Program Files\Git\usr\bin;C:\Users\Hp EliteDesk 800\bin;C:\WINDOWS\system32;C:\WINDOWS;C:\WINDOWS\System32\Wbem;C:\WINDOWS\System32\WindowsPowerShell\v1.0;C:\WINDOWS\System32\OpenSSH;C:\Program Files\MongoDB\Server\4.4\bin;C:\Program Files\Redis;%NVM_HOME%;%NVM_SYMLINK%;C:\Users\Hp EliteDesk 800\AppData\Local\Microsoft\WindowsApps;C:\Users\Hp EliteDesk 800\AppData\Local\Programs\Microsoft VS Code\bin;C:\Users\Hp EliteDesk 800\AppData\Local\GitHubDesktop\bin;C:\Program Files\heroku\bin;C:\Users\Hp EliteDesk 800\AppData\Roaming\nvm;C:\Program Files\nodejs

Yarn version: 
  1.22.17

Node version: 
  16.13.0

Platform: 
  win32 x64

Trace: 
  Error: EPERM: operation not permitted, unlink 'C:\Users\Hp EliteDesk 800\Desktop\React Projects\wedoBackend\node_modules\bcrypt\lib\binding\napi-v3\bcrypt_lib.node'

npm manifest: 
  {
    "name": "wedobackend",
    "version": "1.0.0",
    "description": "",
    "main": "app.js",
    "scripts": {
      "start": "nodemon app.js",
      "dev": "nodemon app.js",
      "start:prod": "NODE_ENV = production nodemon app.js",
      "test": "echo \"Error: no test specified\" && exit 1"
    },
    "author": "Milan Adhikari",
    "license": "ISC",
    "dependencies": {
      "bcrypt": "^5.0.1",
      "body-parser": "^1.19.0",
      "cors": "^2.8.5",
      "dotenv": "^10.0.0",
      "express": "^4.17.1",
      "helmet": "^4.6.0",
      "jsonwebtoken": "^8.5.1",
      "mongoose": "^6.0.9",
      "morgan": "^1.10.0",
      "nodemailer": "^6.7.3",
      "nodemon": "^2.0.13",
      "pdfkit": "^0.13.0",
      "querystring": "^0.2.1",
      "redis": "^3.1.2",
      "stripe": "^8.183.0",
      "validator": "^13.6.0"
    },
    "engines": {
      "node": ">=12.0.0"
    }
  }

yarn manifest: 
  No manifest

Lockfile: 
  No lockfile
